<?xml version="1.0" encoding="UTF-8"?>
<!-- Generated by org.testng.reporters.JUnitXMLReporter -->
<testsuite ignored="0" hostname="DESKTOP-S4UIQ7V" failures="0" tests="2" name="sanityTest" time="17.666" errors="0" timestamp="2022-10-09T18:49:31 IST">
  <testcase classname="com.SauceDemo.TestClass.TC01_Loginfunctionality" name="Loginfunctionality" time="0.118"/>
  <testcase classname="com.SauceDemo.TestClass.TC02_Logoutfunctionality" name="Logoutfunctionality" time="1.574"/>
</testsuite> <!-- sanityTest -->
