<?xml version="1.0" encoding="UTF-8"?>
<!-- Generated by org.testng.reporters.JUnitXMLReporter -->
<testsuite ignored="0" hostname="DESKTOP-S4UIQ7V" failures="0" tests="2" name="Test" time="0.123" errors="0" timestamp="2022-10-09T18:49:13 IST">
  <testcase classname="testNgpackage.TestBaseclass" name="@BeforeMethod setUP" time="0.059">
    <failure type="java.lang.IllegalStateException" message="The driver executable does not exist: C:\Users\hp\eclipse-workspace\SauceDemo04thjuneBatch\.\DriverFiles\edgedriver.exe">
      <![CDATA[java.lang.IllegalStateException: The driver executable does not exist: C:\Users\hp\eclipse-workspace\SauceDemo04thjuneBatch\.\DriverFiles\edgedriver.exe
at com.google.common.base.Preconditions.checkState(Preconditions.java:585)
at org.openqa.selenium.remote.service.DriverService.checkExecutable(DriverService.java:137)
at org.openqa.selenium.remote.service.DriverService.findExecutable(DriverService.java:132)
at org.openqa.selenium.edge.EdgeDriverService.access$000(EdgeDriverService.java:37)
at org.openqa.selenium.edge.EdgeDriverService$Builder.findDefaultExecutable(EdgeDriverService.java:90)
at org.openqa.selenium.remote.service.DriverService$Builder.build(DriverService.java:346)
at org.openqa.selenium.edge.EdgeDriverService.createDefaultService(EdgeDriverService.java:70)
at org.openqa.selenium.edge.EdgeDriver.<init>(EdgeDriver.java:96)
at testNgpackage.TestBaseclass.setUP(TestBaseclass.java:36)
at java.base/java.util.concurrent.ThreadPoolExecutor.runWorker(ThreadPoolExecutor.java:1136)
at java.base/java.util.concurrent.ThreadPoolExecutor$Worker.run(ThreadPoolExecutor.java:635)
at java.base/java.lang.Thread.run(Thread.java:833)
... Removed 14 stack frames]]>
    </failure>
  </testcase> <!-- @BeforeMethod setUP -->
  <testcase classname="testNgpackage.TestBaseclass" name="@BeforeMethod setUP" time="0.059">
    <failure type="java.lang.IllegalStateException" message="The driver executable does not exist: C:\Users\hp\eclipse-workspace\SauceDemo04thjuneBatch\.\DriverFiles\edgedriver.exe">
      <![CDATA[java.lang.IllegalStateException: The driver executable does not exist: C:\Users\hp\eclipse-workspace\SauceDemo04thjuneBatch\.\DriverFiles\edgedriver.exe
at com.google.common.base.Preconditions.checkState(Preconditions.java:585)
at org.openqa.selenium.remote.service.DriverService.checkExecutable(DriverService.java:137)
at org.openqa.selenium.remote.service.DriverService.findExecutable(DriverService.java:132)
at org.openqa.selenium.edge.EdgeDriverService.access$000(EdgeDriverService.java:37)
at org.openqa.selenium.edge.EdgeDriverService$Builder.findDefaultExecutable(EdgeDriverService.java:90)
at org.openqa.selenium.remote.service.DriverService$Builder.build(DriverService.java:346)
at org.openqa.selenium.edge.EdgeDriverService.createDefaultService(EdgeDriverService.java:70)
at org.openqa.selenium.edge.EdgeDriver.<init>(EdgeDriver.java:96)
at testNgpackage.TestBaseclass.setUP(TestBaseclass.java:36)
at java.base/java.util.concurrent.ThreadPoolExecutor.runWorker(ThreadPoolExecutor.java:1136)
at java.base/java.util.concurrent.ThreadPoolExecutor$Worker.run(ThreadPoolExecutor.java:635)
at java.base/java.lang.Thread.run(Thread.java:833)
... Removed 14 stack frames]]>
    </failure>
  </testcase> <!-- @BeforeMethod setUP -->
  <testcase classname="testNgpackage.TestBaseclass" name="@AfterMethod teardown" time="-1.665321553751E9">
    <skipped/>
  </testcase> <!-- @AfterMethod teardown -->
  <testcase classname="testNgpackage.TestBaseclass" name="@AfterMethod teardown" time="-1.665321553752E9">
    <skipped/>
  </testcase> <!-- @AfterMethod teardown -->
  <testcase classname="com.SauceDemo.TestClass.TC02_Logoutfunctionality" name="Logoutfunctionality" time="0.0">
    <skipped/>
  </testcase> <!-- Logoutfunctionality -->
  <testcase classname="com.SauceDemo.TestClass.TC01_Loginfunctionality" name="Loginfunctionality" time="0.0">
    <skipped/>
  </testcase> <!-- Loginfunctionality -->
</testsuite> <!-- Test -->
